Configuring random-shuffle-0.0.4...
Building random-shuffle-0.0.4...
Preprocessing library random-shuffle-0.0.4...
[1 of 1] Compiling System.Random.Shuffle ( src/System/Random/Shuffle.hs, .stack-work/dist/x86_64-linux/Cabal-1.24.2.0/build/System/Random/Shuffle.o )

src/System/Random/Shuffle.hs:59:1: warning: [-Wtabs]
    Tab character found here, and in 10 further locations.
    Please use spaces instead.
Running Haddock for random-shuffle-0.0.4...
Preprocessing library random-shuffle-0.0.4...
Warning: The documentation for the following packages are not installed. No
links will be generated to these packages: fail-4.9.0.0

src/System/Random/Shuffle.hs:59:1: warning: [-Wtabs]
    Tab character found here, and in 10 further locations.
    Please use spaces instead.
Haddock coverage:
 100% (  4 /  4) in 'System.Random.Shuffle'
Documentation created:
.stack-work/dist/x86_64-linux/Cabal-1.24.2.0/doc/html/random-shuffle/index.html,
.stack-work/dist/x86_64-linux/Cabal-1.24.2.0/doc/html/random-shuffle/random-shuffle.txt
Installing library in
/home/karim/.stack/snapshots/x86_64-linux/lts-8.5/8.0.2/lib/x86_64-linux-ghc-8.0.2/random-shuffle-0.0.4-97h14tPp7Ru21125sv6IMi
Registering random-shuffle-0.0.4...
