Configuring safe-0.3.14...
Building safe-0.3.14...
Preprocessing library safe-0.3.14...
[1 of 5] Compiling Safe.Partial     ( Safe/Partial.hs, .stack-work/dist/x86_64-linux/Cabal-1.24.2.0/build/Safe/Partial.o )
[2 of 5] Compiling Safe.Util        ( Safe/Util.hs, .stack-work/dist/x86_64-linux/Cabal-1.24.2.0/build/Safe/Util.o )
[3 of 5] Compiling Safe.Foldable    ( Safe/Foldable.hs, .stack-work/dist/x86_64-linux/Cabal-1.24.2.0/build/Safe/Foldable.o )
[4 of 5] Compiling Safe.Exact       ( Safe/Exact.hs, .stack-work/dist/x86_64-linux/Cabal-1.24.2.0/build/Safe/Exact.o )
[5 of 5] Compiling Safe             ( Safe.hs, .stack-work/dist/x86_64-linux/Cabal-1.24.2.0/build/Safe.o )
Running Haddock for safe-0.3.14...
Preprocessing library safe-0.3.14...
Haddock coverage:
 100% (  2 /  2) in 'Safe.Partial'
  12% (  1 /  8) in 'Safe.Util'
  Missing documentation for:
    .^ (Safe/Util.hs:10)
    .^^ (Safe/Util.hs:13)
    .^^^ (Safe/Util.hs:16)
    liftMay (Safe/Util.hs:19)
    fromNoteModule (Safe/Util.hs:22)
    fromNoteEitherModule (Safe/Util.hs:26)
    eitherToMaybe (Safe/Util.hs:30)
  18% (  5 / 28) in 'Safe.Foldable'
  Missing documentation for:
    foldl1May (Safe/Foldable.hs:46)
    foldl1Def (Safe/Foldable.hs:54)
    foldl1Note (Safe/Foldable.hs:50)
    foldr1May (Safe/Foldable.hs:46)
    foldr1Def (Safe/Foldable.hs:54)
    foldr1Note (Safe/Foldable.hs:50)
    findJustDef (Safe/Foldable.hs:87)
    findJustNote (Safe/Foldable.hs:90)
    minimumMay (Safe/Foldable.hs:58)
    minimumDef (Safe/Foldable.hs:62)
    minimumNote (Safe/Foldable.hs:66)
    maximumMay (Safe/Foldable.hs:58)
    maximumDef (Safe/Foldable.hs:62)
    maximumNote (Safe/Foldable.hs:66)
    minimumByMay (Safe/Foldable.hs:70)
    minimumByDef (Safe/Foldable.hs:74)
    minimumByNote (Safe/Foldable.hs:78)
    maximumByMay (Safe/Foldable.hs:70)
    maximumByDef (Safe/Foldable.hs:74)
    maximumByNote (Safe/Foldable.hs:78)
    foldl1Safe (Safe/Foldable.hs:98)
    foldr1Safe (Safe/Foldable.hs:102)
    findJustSafe (Safe/Foldable.hs:107)
  32% ( 10 / 31) in 'Safe.Exact'
  Missing documentation for:
    takeExactMay (Safe/Exact.hs:111)
    takeExactNote (Safe/Exact.hs:108)
    takeExactDef (Safe/Exact.hs:114)
    dropExactMay (Safe/Exact.hs:120)
    dropExactNote (Safe/Exact.hs:117)
    dropExactDef (Safe/Exact.hs:123)
    splitAtExactMay (Safe/Exact.hs:130)
    splitAtExactNote (Safe/Exact.hs:126)
    splitAtExactDef (Safe/Exact.hs:134)
    zipExactMay (Safe/Exact.hs:158)
    zipExactNote (Safe/Exact.hs:155)
    zipExactDef (Safe/Exact.hs:161)
    zipWithExactMay (Safe/Exact.hs:167)
    zipWithExactNote (Safe/Exact.hs:164)
    zipWithExactDef (Safe/Exact.hs:170)
    zip3ExactMay (Safe/Exact.hs:192)
    zip3ExactNote (Safe/Exact.hs:189)
    zip3ExactDef (Safe/Exact.hs:195)
    zipWith3ExactMay (Safe/Exact.hs:201)
    zipWith3ExactNote (Safe/Exact.hs:198)
    zipWith3ExactDef (Safe/Exact.hs:204)
  19% ( 16 / 83) in 'Safe'
  Missing documentation for:
    initMay (Safe.hs:115)
    initDef (Safe.hs:118)
    initNote (Safe.hs:121)
    initSafe (Safe.hs:124)
    headMay (Safe.hs:129)
    headDef (Safe.hs:133)
    headNote (Safe.hs:137)
    lastMay (Safe.hs:129)
    lastDef (Safe.hs:133)
    lastNote (Safe.hs:137)
    minimumMay (Safe.hs:141)
    minimumDef (Safe.hs:145)
    minimumNote (Safe.hs:149)
    maximumMay (Safe.hs:141)
    maximumDef (Safe.hs:145)
    maximumNote (Safe.hs:149)
    minimumByMay (Safe.hs:153)
    minimumByDef (Safe.hs:157)
    minimumByNote (Safe.hs:161)
    maximumByMay (Safe.hs:153)
    maximumByDef (Safe.hs:157)
    maximumByNote (Safe.hs:161)
    foldr1May (Safe.hs:166)
    foldr1Def (Safe.hs:171)
    foldr1Note (Safe.hs:176)
    foldl1May (Safe.hs:166)
    foldl1Def (Safe.hs:171)
    foldl1Note (Safe.hs:176)
    foldl1May' (Safe.hs:166)
    foldl1Def' (Safe.hs:171)
    foldl1Note' (Safe.hs:176)
    scanl1May (Safe.hs:181)
    scanl1Def (Safe.hs:185)
    scanl1Note (Safe.hs:189)
    scanr1May (Safe.hs:181)
    scanr1Def (Safe.hs:185)
    scanr1Note (Safe.hs:189)
    cycleMay (Safe.hs:193)
    cycleDef (Safe.hs:196)
    cycleNote (Safe.hs:199)
    fromJustNote (Safe.hs:207)
    assertNote (Safe.hs:210)
    atMay (Safe.hs:219)
    atDef (Safe.hs:222)
    atNote (Safe.hs:225)
    readMay (Safe.hs:239)
    readDef (Safe.hs:242)
    lookupJustDef (Safe.hs:254)
    lookupJustNote (Safe.hs:257)
    findJustDef (Safe.hs:265)
    findJustNote (Safe.hs:268)
    elemIndexJustDef (Safe.hs:276)
    elemIndexJustNote (Safe.hs:279)
    findIndexJustDef (Safe.hs:287)
    findIndexJustNote (Safe.hs:290)
    toEnumMay (Safe.hs:295)
    toEnumDef (Safe.hs:304)
    toEnumNote (Safe.hs:307)
    toEnumSafe (Safe.hs:310)
    succMay (Safe.hs:313)
    succDef (Safe.hs:316)
    succNote (Safe.hs:319)
    succSafe (Safe.hs:322)
    predMay (Safe.hs:325)
    predDef (Safe.hs:328)
    predNote (Safe.hs:331)
    predSafe (Safe.hs:334)
Documentation created:
.stack-work/dist/x86_64-linux/Cabal-1.24.2.0/doc/html/safe/index.html,
.stack-work/dist/x86_64-linux/Cabal-1.24.2.0/doc/html/safe/safe.txt
Installing library in
/home/karim/.stack/snapshots/x86_64-linux/lts-8.5/8.0.2/lib/x86_64-linux-ghc-8.0.2/safe-0.3.14-GsbXn9D9F3BDazVNcErzdQ
Registering safe-0.3.14...
